2025-03-25 22:46:19,963 [Worker-8: Loading available Gradle versions] INFO  o.e.b.c.i.u.g.PublishedGradleVersions - Gradle version information cache is up-to-date. Trying to read.
2025-03-25 22:46:46,907 [Worker-1: Importing Maven projects] INFO  o.e.m.c.i.l.LifecycleMappingFactory - Using org.eclipse.m2e.jdt.JarLifecycleMapping lifecycle mapping for MavenProject: com.device:iot:0.0.1-SNAPSHOT @ C:\Users\antod\Workspaces\iot-device\iot\pom.xml.
2025-03-25 22:46:52,964 [Worker-1: Importing Maven projects] INFO  o.e.m.j.i.AbstractJavaProjectConfigurator - Adding source folder /iot/src/main/java
2025-03-25 22:46:52,964 [Worker-1: Importing Maven projects] INFO  o.e.m.j.i.AbstractJavaProjectConfigurator - Adding resource folder /iot/src/main/resources
2025-03-25 22:46:52,973 [Worker-1: Importing Maven projects] INFO  o.e.m.j.i.AbstractJavaProjectConfigurator - Adding resource folder /iot/src/main/resources
2025-03-25 22:46:52,977 [Worker-1: Importing Maven projects] INFO  o.e.m.j.i.AbstractJavaProjectConfigurator - Adding source folder /iot/src/test/java
2025-03-25 22:46:52,979 [Worker-1: Importing Maven projects] INFO  o.e.m.j.i.AbstractJavaProjectConfigurator - Adding resource folder /iot/src/test/resources
2025-03-25 22:46:54,519 [Worker-1: Importing Maven projects] INFO  o.e.m.c.i.p.ProjectConfigurationManager - Imported and configured 1 project(s) in 13 sec
2025-03-25 22:47:01,563 [Worker-10: Building] INFO  o.a.m.s.f.DefaultMavenResourcesFiltering - Copying 1 resource from src\main\resources to target\classes
2025-03-25 22:47:01,621 [Worker-10: Building] INFO  o.a.m.s.f.DefaultMavenResourcesFiltering - Copying 0 resource from src\main\resources to target\classes
2025-03-25 22:47:01,635 [Worker-10: Building] INFO  o.a.m.s.f.DefaultMavenResourcesFiltering - skip non existing resourceDirectory C:\Users\antod\Workspaces\iot-device\iot\src\test\resources
2025-03-25 22:51:24,636 [main] INFO  o.e.m2e.actions.ExecutePomAction - Creating new launch configuration
2025-03-25 22:51:33,842 [Worker-4: Launching iot] INFO  o.eclipse.m2e.core.internal.Bundles - getClasspathEntries(Bundle=org.eclipse.m2e.maven.runtime_3.9.500.20231113-2345 [346])
2025-03-25 22:51:33,844 [Worker-4: Launching iot] INFO  o.eclipse.m2e.core.internal.Bundles - 	Entry: C:\Program Files (x86)\STS4\sts-4.21.1.RELEASE\plugins\org.eclipse.m2e.maven.runtime_3.9.500.20231113-2345
2025-03-25 22:51:33,844 [Worker-4: Launching iot] INFO  o.eclipse.m2e.core.internal.Bundles - 	Entry: C:\Program Files (x86)\STS4\sts-4.21.1.RELEASE\plugins\org.eclipse.m2e.maven.runtime_3.9.500.20231113-2345\jars\aopalliance-1.0.jar
2025-03-25 22:51:33,844 [Worker-4: Launching iot] INFO  o.eclipse.m2e.core.internal.Bundles - 	Entry: C:\Program Files (x86)\STS4\sts-4.21.1.RELEASE\plugins\org.eclipse.m2e.maven.runtime_3.9.500.20231113-2345\jars\guice-5.1.0.jar
2025-03-25 22:51:33,845 [Worker-4: Launching iot] INFO  o.eclipse.m2e.core.internal.Bundles - 	Entry: C:\Program Files (x86)\STS4\sts-4.21.1.RELEASE\plugins\org.eclipse.m2e.maven.runtime_3.9.500.20231113-2345\jars\httpclient-4.5.14.jar
2025-03-25 22:51:33,845 [Worker-4: Launching iot] INFO  o.eclipse.m2e.core.internal.Bundles - 	Entry: C:\Program Files (x86)\STS4\sts-4.21.1.RELEASE\plugins\org.eclipse.m2e.maven.runtime_3.9.500.20231113-2345\jars\httpcore-4.4.16.jar
2025-03-25 22:51:33,845 [Worker-4: Launching iot] INFO  o.eclipse.m2e.core.internal.Bundles - 	Entry: C:\Program Files (x86)\STS4\sts-4.21.1.RELEASE\plugins\org.eclipse.m2e.maven.runtime_3.9.500.20231113-2345\jars\jansi-2.4.0.jar
2025-03-25 22:51:33,845 [Worker-4: Launching iot] INFO  o.eclipse.m2e.core.internal.Bundles - 	Entry: C:\Program Files (x86)\STS4\sts-4.21.1.RELEASE\plugins\org.eclipse.m2e.maven.runtime_3.9.500.20231113-2345\jars\jcl-over-slf4j-1.7.36.jar
2025-03-25 22:51:33,845 [Worker-4: Launching iot] INFO  o.eclipse.m2e.core.internal.Bundles - 	Entry: C:\Program Files (x86)\STS4\sts-4.21.1.RELEASE\plugins\org.eclipse.m2e.maven.runtime_3.9.500.20231113-2345\jars\maven-artifact-3.9.5.jar
2025-03-25 22:51:33,845 [Worker-4: Launching iot] INFO  o.eclipse.m2e.core.internal.Bundles - 	Entry: C:\Program Files (x86)\STS4\sts-4.21.1.RELEASE\plugins\org.eclipse.m2e.maven.runtime_3.9.500.20231113-2345\jars\maven-builder-support-3.9.5.jar
2025-03-25 22:51:33,846 [Worker-4: Launching iot] INFO  o.eclipse.m2e.core.internal.Bundles - 	Entry: C:\Program Files (x86)\STS4\sts-4.21.1.RELEASE\plugins\org.eclipse.m2e.maven.runtime_3.9.500.20231113-2345\jars\maven-compat-3.9.5.jar
2025-03-25 22:51:33,846 [Worker-4: Launching iot] INFO  o.eclipse.m2e.core.internal.Bundles - 	Entry: C:\Program Files (x86)\STS4\sts-4.21.1.RELEASE\plugins\org.eclipse.m2e.maven.runtime_3.9.500.20231113-2345\jars\maven-core-3.9.5.jar
2025-03-25 22:51:33,846 [Worker-4: Launching iot] INFO  o.eclipse.m2e.core.internal.Bundles - 	Entry: C:\Program Files (x86)\STS4\sts-4.21.1.RELEASE\plugins\org.eclipse.m2e.maven.runtime_3.9.500.20231113-2345\jars\maven-embedder-3.9.5.jar
2025-03-25 22:51:33,846 [Worker-4: Launching iot] INFO  o.eclipse.m2e.core.internal.Bundles - 	Entry: C:\Program Files (x86)\STS4\sts-4.21.1.RELEASE\plugins\org.eclipse.m2e.maven.runtime_3.9.500.20231113-2345\jars\maven-model-3.9.5.jar
2025-03-25 22:51:33,846 [Worker-4: Launching iot] INFO  o.eclipse.m2e.core.internal.Bundles - 	Entry: C:\Program Files (x86)\STS4\sts-4.21.1.RELEASE\plugins\org.eclipse.m2e.maven.runtime_3.9.500.20231113-2345\jars\maven-model-builder-3.9.5.jar
2025-03-25 22:51:33,847 [Worker-4: Launching iot] INFO  o.eclipse.m2e.core.internal.Bundles - 	Entry: C:\Program Files (x86)\STS4\sts-4.21.1.RELEASE\plugins\org.eclipse.m2e.maven.runtime_3.9.500.20231113-2345\jars\maven-plugin-api-3.9.5.jar
2025-03-25 22:51:33,847 [Worker-4: Launching iot] INFO  o.eclipse.m2e.core.internal.Bundles - 	Entry: C:\Program Files (x86)\STS4\sts-4.21.1.RELEASE\plugins\org.eclipse.m2e.maven.runtime_3.9.500.20231113-2345\jars\maven-repository-metadata-3.9.5.jar
2025-03-25 22:51:33,847 [Worker-4: Launching iot] INFO  o.eclipse.m2e.core.internal.Bundles - 	Entry: C:\Program Files (x86)\STS4\sts-4.21.1.RELEASE\plugins\org.eclipse.m2e.maven.runtime_3.9.500.20231113-2345\jars\maven-resolver-api-1.9.16.jar
2025-03-25 22:51:33,847 [Worker-4: Launching iot] INFO  o.eclipse.m2e.core.internal.Bundles - 	Entry: C:\Program Files (x86)\STS4\sts-4.21.1.RELEASE\plugins\org.eclipse.m2e.maven.runtime_3.9.500.20231113-2345\jars\maven-resolver-connector-basic-1.9.16.jar
2025-03-25 22:51:33,847 [Worker-4: Launching iot] INFO  o.eclipse.m2e.core.internal.Bundles - 	Entry: C:\Program Files (x86)\STS4\sts-4.21.1.RELEASE\plugins\org.eclipse.m2e.maven.runtime_3.9.500.20231113-2345\jars\maven-resolver-impl-1.9.16.jar
2025-03-25 22:51:33,847 [Worker-4: Launching iot] INFO  o.eclipse.m2e.core.internal.Bundles - 	Entry: C:\Program Files (x86)\STS4\sts-4.21.1.RELEASE\plugins\org.eclipse.m2e.maven.runtime_3.9.500.20231113-2345\jars\maven-resolver-named-locks-1.9.16.jar
2025-03-25 22:51:33,848 [Worker-4: Launching iot] INFO  o.eclipse.m2e.core.internal.Bundles - 	Entry: C:\Program Files (x86)\STS4\sts-4.21.1.RELEASE\plugins\org.eclipse.m2e.maven.runtime_3.9.500.20231113-2345\jars\maven-resolver-provider-3.9.5.jar
2025-03-25 22:51:33,848 [Worker-4: Launching iot] INFO  o.eclipse.m2e.core.internal.Bundles - 	Entry: C:\Program Files (x86)\STS4\sts-4.21.1.RELEASE\plugins\org.eclipse.m2e.maven.runtime_3.9.500.20231113-2345\jars\maven-resolver-spi-1.9.16.jar
2025-03-25 22:51:33,848 [Worker-4: Launching iot] INFO  o.eclipse.m2e.core.internal.Bundles - 	Entry: C:\Program Files (x86)\STS4\sts-4.21.1.RELEASE\plugins\org.eclipse.m2e.maven.runtime_3.9.500.20231113-2345\jars\maven-resolver-transport-file-1.9.16.jar
2025-03-25 22:51:33,848 [Worker-4: Launching iot] INFO  o.eclipse.m2e.core.internal.Bundles - 	Entry: C:\Program Files (x86)\STS4\sts-4.21.1.RELEASE\plugins\org.eclipse.m2e.maven.runtime_3.9.500.20231113-2345\jars\maven-resolver-transport-http-1.9.16.jar
2025-03-25 22:51:33,849 [Worker-4: Launching iot] INFO  o.eclipse.m2e.core.internal.Bundles - 	Entry: C:\Program Files (x86)\STS4\sts-4.21.1.RELEASE\plugins\org.eclipse.m2e.maven.runtime_3.9.500.20231113-2345\jars\maven-resolver-transport-wagon-1.9.16.jar
2025-03-25 22:51:33,849 [Worker-4: Launching iot] INFO  o.eclipse.m2e.core.internal.Bundles - 	Entry: C:\Program Files (x86)\STS4\sts-4.21.1.RELEASE\plugins\org.eclipse.m2e.maven.runtime_3.9.500.20231113-2345\jars\maven-resolver-util-1.9.16.jar
2025-03-25 22:51:33,849 [Worker-4: Launching iot] INFO  o.eclipse.m2e.core.internal.Bundles - 	Entry: C:\Program Files (x86)\STS4\sts-4.21.1.RELEASE\plugins\org.eclipse.m2e.maven.runtime_3.9.500.20231113-2345\jars\maven-settings-3.9.5.jar
2025-03-25 22:51:33,849 [Worker-4: Launching iot] INFO  o.eclipse.m2e.core.internal.Bundles - 	Entry: C:\Program Files (x86)\STS4\sts-4.21.1.RELEASE\plugins\org.eclipse.m2e.maven.runtime_3.9.500.20231113-2345\jars\maven-settings-builder-3.9.5.jar
2025-03-25 22:51:33,849 [Worker-4: Launching iot] INFO  o.eclipse.m2e.core.internal.Bundles - 	Entry: C:\Program Files (x86)\STS4\sts-4.21.1.RELEASE\plugins\org.eclipse.m2e.maven.runtime_3.9.500.20231113-2345\jars\maven-shared-utils-3.3.4.jar
2025-03-25 22:51:33,850 [Worker-4: Launching iot] INFO  o.eclipse.m2e.core.internal.Bundles - 	Entry: C:\Program Files (x86)\STS4\sts-4.21.1.RELEASE\plugins\org.eclipse.m2e.maven.runtime_3.9.500.20231113-2345\jars\org.eclipse.sisu.inject-0.3.5.jar
2025-03-25 22:51:33,850 [Worker-4: Launching iot] INFO  o.eclipse.m2e.core.internal.Bundles - 	Entry: C:\Program Files (x86)\STS4\sts-4.21.1.RELEASE\plugins\org.eclipse.m2e.maven.runtime_3.9.500.20231113-2345\jars\org.eclipse.sisu.plexus-0.3.5.jar
2025-03-25 22:51:33,850 [Worker-4: Launching iot] INFO  o.eclipse.m2e.core.internal.Bundles - 	Entry: C:\Program Files (x86)\STS4\sts-4.21.1.RELEASE\plugins\org.eclipse.m2e.maven.runtime_3.9.500.20231113-2345\jars\plexus-build-api-0.0.7.jar
2025-03-25 22:51:33,850 [Worker-4: Launching iot] INFO  o.eclipse.m2e.core.internal.Bundles - 	Entry: C:\Program Files (x86)\STS4\sts-4.21.1.RELEASE\plugins\org.eclipse.m2e.maven.runtime_3.9.500.20231113-2345\jars\plexus-cipher-2.0.jar
2025-03-25 22:51:33,850 [Worker-4: Launching iot] INFO  o.eclipse.m2e.core.internal.Bundles - 	Entry: C:\Program Files (x86)\STS4\sts-4.21.1.RELEASE\plugins\org.eclipse.m2e.maven.runtime_3.9.500.20231113-2345\jars\plexus-classworlds-2.7.0.jar
2025-03-25 22:51:33,851 [Worker-4: Launching iot] INFO  o.eclipse.m2e.core.internal.Bundles - 	Entry: C:\Program Files (x86)\STS4\sts-4.21.1.RELEASE\plugins\org.eclipse.m2e.maven.runtime_3.9.500.20231113-2345\jars\plexus-component-annotations-2.1.0.jar
2025-03-25 22:51:33,851 [Worker-4: Launching iot] INFO  o.eclipse.m2e.core.internal.Bundles - 	Entry: C:\Program Files (x86)\STS4\sts-4.21.1.RELEASE\plugins\org.eclipse.m2e.maven.runtime_3.9.500.20231113-2345\jars\plexus-interpolation-1.26.jar
2025-03-25 22:51:33,851 [Worker-4: Launching iot] INFO  o.eclipse.m2e.core.internal.Bundles - 	Entry: C:\Program Files (x86)\STS4\sts-4.21.1.RELEASE\plugins\org.eclipse.m2e.maven.runtime_3.9.500.20231113-2345\jars\plexus-sec-dispatcher-2.0.jar
2025-03-25 22:51:33,851 [Worker-4: Launching iot] INFO  o.eclipse.m2e.core.internal.Bundles - 	Entry: C:\Program Files (x86)\STS4\sts-4.21.1.RELEASE\plugins\org.eclipse.m2e.maven.runtime_3.9.500.20231113-2345\jars\plexus-utils-3.5.1.jar
2025-03-25 22:51:33,851 [Worker-4: Launching iot] INFO  o.eclipse.m2e.core.internal.Bundles - 	Entry: C:\Program Files (x86)\STS4\sts-4.21.1.RELEASE\plugins\org.eclipse.m2e.maven.runtime_3.9.500.20231113-2345\jars\wagon-file-3.5.3.jar
2025-03-25 22:51:33,851 [Worker-4: Launching iot] INFO  o.eclipse.m2e.core.internal.Bundles - 	Entry: C:\Program Files (x86)\STS4\sts-4.21.1.RELEASE\plugins\org.eclipse.m2e.maven.runtime_3.9.500.20231113-2345\jars\wagon-http-3.5.3.jar
2025-03-25 22:51:33,851 [Worker-4: Launching iot] INFO  o.eclipse.m2e.core.internal.Bundles - 	Entry: C:\Program Files (x86)\STS4\sts-4.21.1.RELEASE\plugins\org.eclipse.m2e.maven.runtime_3.9.500.20231113-2345\jars\wagon-http-shared-3.5.3.jar
2025-03-25 22:51:33,852 [Worker-4: Launching iot] INFO  o.eclipse.m2e.core.internal.Bundles - 	Entry: C:\Program Files (x86)\STS4\sts-4.21.1.RELEASE\plugins\org.eclipse.m2e.maven.runtime_3.9.500.20231113-2345\jars\wagon-provider-api-3.5.3.jar
2025-03-25 22:51:33,857 [Worker-4: Launching iot] INFO  o.eclipse.m2e.core.internal.Bundles - getClasspathEntries(Bundle=com.google.guava_33.0.0.jre [25])
2025-03-25 22:51:33,858 [Worker-4: Launching iot] INFO  o.eclipse.m2e.core.internal.Bundles - 	Entry: C:\Program Files (x86)\STS4\sts-4.21.1.RELEASE\plugins\com.google.guava_33.0.0.jre.jar
2025-03-25 22:51:33,858 [Worker-4: Launching iot] INFO  o.eclipse.m2e.core.internal.Bundles - getClasspathEntries(Bundle=slf4j.api_2.0.9 [573])
2025-03-25 22:51:33,859 [Worker-4: Launching iot] INFO  o.eclipse.m2e.core.internal.Bundles - 	Entry: C:\Program Files (x86)\STS4\sts-4.21.1.RELEASE\plugins\slf4j.api_2.0.9.jar
2025-03-25 22:51:33,859 [Worker-4: Launching iot] INFO  o.eclipse.m2e.core.internal.Bundles - getClasspathEntries(Bundle=jakarta.inject.jakarta.inject-api_1.0.5 [41])
2025-03-25 22:51:33,859 [Worker-4: Launching iot] INFO  o.eclipse.m2e.core.internal.Bundles - 	Entry: C:\Program Files (x86)\STS4\sts-4.21.1.RELEASE\plugins\jakarta.inject.jakarta.inject-api_1.0.5.jar
2025-03-25 22:51:33,859 [Worker-4: Launching iot] INFO  o.eclipse.m2e.core.internal.Bundles - getClasspathEntries(Bundle=jakarta.annotation-api_1.3.5 [37])
2025-03-25 22:51:33,859 [Worker-4: Launching iot] INFO  o.eclipse.m2e.core.internal.Bundles - 	Entry: C:\Program Files (x86)\STS4\sts-4.21.1.RELEASE\plugins\jakarta.annotation-api_1.3.5.jar
2025-03-25 22:51:33,859 [Worker-4: Launching iot] INFO  o.eclipse.m2e.core.internal.Bundles - getClasspathEntries(Bundle=org.apache.commons.cli_1.6.0 [71])
2025-03-25 22:51:33,860 [Worker-4: Launching iot] INFO  o.eclipse.m2e.core.internal.Bundles - 	Entry: C:\Program Files (x86)\STS4\sts-4.21.1.RELEASE\plugins\org.apache.commons.cli_1.6.0.jar
2025-03-25 22:51:33,860 [Worker-4: Launching iot] INFO  o.eclipse.m2e.core.internal.Bundles - getClasspathEntries(Bundle=org.apache.commons.commons-codec_1.16.0 [73])
2025-03-25 22:51:33,860 [Worker-4: Launching iot] INFO  o.eclipse.m2e.core.internal.Bundles - 	Entry: C:\Program Files (x86)\STS4\sts-4.21.1.RELEASE\plugins\org.apache.commons.commons-codec_1.16.0.jar
2025-03-25 22:51:33,860 [Worker-4: Launching iot] INFO  o.eclipse.m2e.core.internal.Bundles - getClasspathEntries(Bundle=org.apache.commons.lang3_3.13.0 [77])
2025-03-25 22:51:33,861 [Worker-4: Launching iot] INFO  o.eclipse.m2e.core.internal.Bundles - 	Entry: C:\Program Files (x86)\STS4\sts-4.21.1.RELEASE\plugins\org.apache.commons.lang3_3.13.0.jar
2025-03-25 22:51:33,861 [Worker-4: Launching iot] INFO  o.eclipse.m2e.core.internal.Bundles - getClasspathEntries(Bundle=com.google.guava.failureaccess_1.0.2 [27])
2025-03-25 22:51:33,861 [Worker-4: Launching iot] INFO  o.eclipse.m2e.core.internal.Bundles - 	Entry: C:\Program Files (x86)\STS4\sts-4.21.1.RELEASE\plugins\com.google.guava.failureaccess_1.0.2.jar
2025-03-25 22:51:33,866 [Worker-4: Launching iot] INFO  o.e.m.i.launch.MavenLaunchDelegate - Run build in "C:\Users\antod\Workspaces\iot-device\iot":
2025-03-25 22:51:33,873 [Worker-4: Launching iot] INFO  o.e.m.i.launch.MavenLaunchDelegate -  mvn  -B -Dstyle.color=always clean package
2025-03-25 22:52:40,040 [main] INFO  o.e.m2e.actions.ExecutePomAction - Creating new launch configuration
2025-03-25 22:52:47,883 [Worker-4: Launching iot (1)] INFO  o.eclipse.m2e.core.internal.Bundles - getClasspathEntries(Bundle=org.eclipse.m2e.maven.runtime_3.9.500.20231113-2345 [346])
2025-03-25 22:52:47,883 [Worker-4: Launching iot (1)] INFO  o.eclipse.m2e.core.internal.Bundles - 	Entry: C:\Program Files (x86)\STS4\sts-4.21.1.RELEASE\plugins\org.eclipse.m2e.maven.runtime_3.9.500.20231113-2345
2025-03-25 22:52:47,884 [Worker-4: Launching iot (1)] INFO  o.eclipse.m2e.core.internal.Bundles - 	Entry: C:\Program Files (x86)\STS4\sts-4.21.1.RELEASE\plugins\org.eclipse.m2e.maven.runtime_3.9.500.20231113-2345\jars\aopalliance-1.0.jar
2025-03-25 22:52:47,884 [Worker-4: Launching iot (1)] INFO  o.eclipse.m2e.core.internal.Bundles - 	Entry: C:\Program Files (x86)\STS4\sts-4.21.1.RELEASE\plugins\org.eclipse.m2e.maven.runtime_3.9.500.20231113-2345\jars\guice-5.1.0.jar
2025-03-25 22:52:47,884 [Worker-4: Launching iot (1)] INFO  o.eclipse.m2e.core.internal.Bundles - 	Entry: C:\Program Files (x86)\STS4\sts-4.21.1.RELEASE\plugins\org.eclipse.m2e.maven.runtime_3.9.500.20231113-2345\jars\httpclient-4.5.14.jar
2025-03-25 22:52:47,884 [Worker-4: Launching iot (1)] INFO  o.eclipse.m2e.core.internal.Bundles - 	Entry: C:\Program Files (x86)\STS4\sts-4.21.1.RELEASE\plugins\org.eclipse.m2e.maven.runtime_3.9.500.20231113-2345\jars\httpcore-4.4.16.jar
2025-03-25 22:52:47,884 [Worker-4: Launching iot (1)] INFO  o.eclipse.m2e.core.internal.Bundles - 	Entry: C:\Program Files (x86)\STS4\sts-4.21.1.RELEASE\plugins\org.eclipse.m2e.maven.runtime_3.9.500.20231113-2345\jars\jansi-2.4.0.jar
2025-03-25 22:52:47,885 [Worker-4: Launching iot (1)] INFO  o.eclipse.m2e.core.internal.Bundles - 	Entry: C:\Program Files (x86)\STS4\sts-4.21.1.RELEASE\plugins\org.eclipse.m2e.maven.runtime_3.9.500.20231113-2345\jars\jcl-over-slf4j-1.7.36.jar
2025-03-25 22:52:47,885 [Worker-4: Launching iot (1)] INFO  o.eclipse.m2e.core.internal.Bundles - 	Entry: C:\Program Files (x86)\STS4\sts-4.21.1.RELEASE\plugins\org.eclipse.m2e.maven.runtime_3.9.500.20231113-2345\jars\maven-artifact-3.9.5.jar
2025-03-25 22:52:47,885 [Worker-4: Launching iot (1)] INFO  o.eclipse.m2e.core.internal.Bundles - 	Entry: C:\Program Files (x86)\STS4\sts-4.21.1.RELEASE\plugins\org.eclipse.m2e.maven.runtime_3.9.500.20231113-2345\jars\maven-builder-support-3.9.5.jar
2025-03-25 22:52:47,885 [Worker-4: Launching iot (1)] INFO  o.eclipse.m2e.core.internal.Bundles - 	Entry: C:\Program Files (x86)\STS4\sts-4.21.1.RELEASE\plugins\org.eclipse.m2e.maven.runtime_3.9.500.20231113-2345\jars\maven-compat-3.9.5.jar
2025-03-25 22:52:47,886 [Worker-4: Launching iot (1)] INFO  o.eclipse.m2e.core.internal.Bundles - 	Entry: C:\Program Files (x86)\STS4\sts-4.21.1.RELEASE\plugins\org.eclipse.m2e.maven.runtime_3.9.500.20231113-2345\jars\maven-core-3.9.5.jar
2025-03-25 22:52:47,886 [Worker-4: Launching iot (1)] INFO  o.eclipse.m2e.core.internal.Bundles - 	Entry: C:\Program Files (x86)\STS4\sts-4.21.1.RELEASE\plugins\org.eclipse.m2e.maven.runtime_3.9.500.20231113-2345\jars\maven-embedder-3.9.5.jar
2025-03-25 22:52:47,886 [Worker-4: Launching iot (1)] INFO  o.eclipse.m2e.core.internal.Bundles - 	Entry: C:\Program Files (x86)\STS4\sts-4.21.1.RELEASE\plugins\org.eclipse.m2e.maven.runtime_3.9.500.20231113-2345\jars\maven-model-3.9.5.jar
2025-03-25 22:52:47,886 [Worker-4: Launching iot (1)] INFO  o.eclipse.m2e.core.internal.Bundles - 	Entry: C:\Program Files (x86)\STS4\sts-4.21.1.RELEASE\plugins\org.eclipse.m2e.maven.runtime_3.9.500.20231113-2345\jars\maven-model-builder-3.9.5.jar
2025-03-25 22:52:47,887 [Worker-4: Launching iot (1)] INFO  o.eclipse.m2e.core.internal.Bundles - 	Entry: C:\Program Files (x86)\STS4\sts-4.21.1.RELEASE\plugins\org.eclipse.m2e.maven.runtime_3.9.500.20231113-2345\jars\maven-plugin-api-3.9.5.jar
2025-03-25 22:52:47,887 [Worker-4: Launching iot (1)] INFO  o.eclipse.m2e.core.internal.Bundles - 	Entry: C:\Program Files (x86)\STS4\sts-4.21.1.RELEASE\plugins\org.eclipse.m2e.maven.runtime_3.9.500.20231113-2345\jars\maven-repository-metadata-3.9.5.jar
2025-03-25 22:52:47,887 [Worker-4: Launching iot (1)] INFO  o.eclipse.m2e.core.internal.Bundles - 	Entry: C:\Program Files (x86)\STS4\sts-4.21.1.RELEASE\plugins\org.eclipse.m2e.maven.runtime_3.9.500.20231113-2345\jars\maven-resolver-api-1.9.16.jar
2025-03-25 22:52:47,887 [Worker-4: Launching iot (1)] INFO  o.eclipse.m2e.core.internal.Bundles - 	Entry: C:\Program Files (x86)\STS4\sts-4.21.1.RELEASE\plugins\org.eclipse.m2e.maven.runtime_3.9.500.20231113-2345\jars\maven-resolver-connector-basic-1.9.16.jar
2025-03-25 22:52:47,887 [Worker-4: Launching iot (1)] INFO  o.eclipse.m2e.core.internal.Bundles - 	Entry: C:\Program Files (x86)\STS4\sts-4.21.1.RELEASE\plugins\org.eclipse.m2e.maven.runtime_3.9.500.20231113-2345\jars\maven-resolver-impl-1.9.16.jar
2025-03-25 22:52:47,888 [Worker-4: Launching iot (1)] INFO  o.eclipse.m2e.core.internal.Bundles - 	Entry: C:\Program Files (x86)\STS4\sts-4.21.1.RELEASE\plugins\org.eclipse.m2e.maven.runtime_3.9.500.20231113-2345\jars\maven-resolver-named-locks-1.9.16.jar
2025-03-25 22:52:47,888 [Worker-4: Launching iot (1)] INFO  o.eclipse.m2e.core.internal.Bundles - 	Entry: C:\Program Files (x86)\STS4\sts-4.21.1.RELEASE\plugins\org.eclipse.m2e.maven.runtime_3.9.500.20231113-2345\jars\maven-resolver-provider-3.9.5.jar
2025-03-25 22:52:47,888 [Worker-4: Launching iot (1)] INFO  o.eclipse.m2e.core.internal.Bundles - 	Entry: C:\Program Files (x86)\STS4\sts-4.21.1.RELEASE\plugins\org.eclipse.m2e.maven.runtime_3.9.500.20231113-2345\jars\maven-resolver-spi-1.9.16.jar
2025-03-25 22:52:47,888 [Worker-4: Launching iot (1)] INFO  o.eclipse.m2e.core.internal.Bundles - 	Entry: C:\Program Files (x86)\STS4\sts-4.21.1.RELEASE\plugins\org.eclipse.m2e.maven.runtime_3.9.500.20231113-2345\jars\maven-resolver-transport-file-1.9.16.jar
2025-03-25 22:52:47,889 [Worker-4: Launching iot (1)] INFO  o.eclipse.m2e.core.internal.Bundles - 	Entry: C:\Program Files (x86)\STS4\sts-4.21.1.RELEASE\plugins\org.eclipse.m2e.maven.runtime_3.9.500.20231113-2345\jars\maven-resolver-transport-http-1.9.16.jar
2025-03-25 22:52:47,889 [Worker-4: Launching iot (1)] INFO  o.eclipse.m2e.core.internal.Bundles - 	Entry: C:\Program Files (x86)\STS4\sts-4.21.1.RELEASE\plugins\org.eclipse.m2e.maven.runtime_3.9.500.20231113-2345\jars\maven-resolver-transport-wagon-1.9.16.jar
2025-03-25 22:52:47,889 [Worker-4: Launching iot (1)] INFO  o.eclipse.m2e.core.internal.Bundles - 	Entry: C:\Program Files (x86)\STS4\sts-4.21.1.RELEASE\plugins\org.eclipse.m2e.maven.runtime_3.9.500.20231113-2345\jars\maven-resolver-util-1.9.16.jar
2025-03-25 22:52:47,889 [Worker-4: Launching iot (1)] INFO  o.eclipse.m2e.core.internal.Bundles - 	Entry: C:\Program Files (x86)\STS4\sts-4.21.1.RELEASE\plugins\org.eclipse.m2e.maven.runtime_3.9.500.20231113-2345\jars\maven-settings-3.9.5.jar
2025-03-25 22:52:47,890 [Worker-4: Launching iot (1)] INFO  o.eclipse.m2e.core.internal.Bundles - 	Entry: C:\Program Files (x86)\STS4\sts-4.21.1.RELEASE\plugins\org.eclipse.m2e.maven.runtime_3.9.500.20231113-2345\jars\maven-settings-builder-3.9.5.jar
2025-03-25 22:52:47,890 [Worker-4: Launching iot (1)] INFO  o.eclipse.m2e.core.internal.Bundles - 	Entry: C:\Program Files (x86)\STS4\sts-4.21.1.RELEASE\plugins\org.eclipse.m2e.maven.runtime_3.9.500.20231113-2345\jars\maven-shared-utils-3.3.4.jar
2025-03-25 22:52:47,890 [Worker-4: Launching iot (1)] INFO  o.eclipse.m2e.core.internal.Bundles - 	Entry: C:\Program Files (x86)\STS4\sts-4.21.1.RELEASE\plugins\org.eclipse.m2e.maven.runtime_3.9.500.20231113-2345\jars\org.eclipse.sisu.inject-0.3.5.jar
2025-03-25 22:52:47,890 [Worker-4: Launching iot (1)] INFO  o.eclipse.m2e.core.internal.Bundles - 	Entry: C:\Program Files (x86)\STS4\sts-4.21.1.RELEASE\plugins\org.eclipse.m2e.maven.runtime_3.9.500.20231113-2345\jars\org.eclipse.sisu.plexus-0.3.5.jar
2025-03-25 22:52:47,890 [Worker-4: Launching iot (1)] INFO  o.eclipse.m2e.core.internal.Bundles - 	Entry: C:\Program Files (x86)\STS4\sts-4.21.1.RELEASE\plugins\org.eclipse.m2e.maven.runtime_3.9.500.20231113-2345\jars\plexus-build-api-0.0.7.jar
2025-03-25 22:52:47,890 [Worker-4: Launching iot (1)] INFO  o.eclipse.m2e.core.internal.Bundles - 	Entry: C:\Program Files (x86)\STS4\sts-4.21.1.RELEASE\plugins\org.eclipse.m2e.maven.runtime_3.9.500.20231113-2345\jars\plexus-cipher-2.0.jar
2025-03-25 22:52:47,891 [Worker-4: Launching iot (1)] INFO  o.eclipse.m2e.core.internal.Bundles - 	Entry: C:\Program Files (x86)\STS4\sts-4.21.1.RELEASE\plugins\org.eclipse.m2e.maven.runtime_3.9.500.20231113-2345\jars\plexus-classworlds-2.7.0.jar
2025-03-25 22:52:47,891 [Worker-4: Launching iot (1)] INFO  o.eclipse.m2e.core.internal.Bundles - 	Entry: C:\Program Files (x86)\STS4\sts-4.21.1.RELEASE\plugins\org.eclipse.m2e.maven.runtime_3.9.500.20231113-2345\jars\plexus-component-annotations-2.1.0.jar
2025-03-25 22:52:47,891 [Worker-4: Launching iot (1)] INFO  o.eclipse.m2e.core.internal.Bundles - 	Entry: C:\Program Files (x86)\STS4\sts-4.21.1.RELEASE\plugins\org.eclipse.m2e.maven.runtime_3.9.500.20231113-2345\jars\plexus-interpolation-1.26.jar
2025-03-25 22:52:47,891 [Worker-4: Launching iot (1)] INFO  o.eclipse.m2e.core.internal.Bundles - 	Entry: C:\Program Files (x86)\STS4\sts-4.21.1.RELEASE\plugins\org.eclipse.m2e.maven.runtime_3.9.500.20231113-2345\jars\plexus-sec-dispatcher-2.0.jar
2025-03-25 22:52:47,891 [Worker-4: Launching iot (1)] INFO  o.eclipse.m2e.core.internal.Bundles - 	Entry: C:\Program Files (x86)\STS4\sts-4.21.1.RELEASE\plugins\org.eclipse.m2e.maven.runtime_3.9.500.20231113-2345\jars\plexus-utils-3.5.1.jar
2025-03-25 22:52:47,891 [Worker-4: Launching iot (1)] INFO  o.eclipse.m2e.core.internal.Bundles - 	Entry: C:\Program Files (x86)\STS4\sts-4.21.1.RELEASE\plugins\org.eclipse.m2e.maven.runtime_3.9.500.20231113-2345\jars\wagon-file-3.5.3.jar
2025-03-25 22:52:47,891 [Worker-4: Launching iot (1)] INFO  o.eclipse.m2e.core.internal.Bundles - 	Entry: C:\Program Files (x86)\STS4\sts-4.21.1.RELEASE\plugins\org.eclipse.m2e.maven.runtime_3.9.500.20231113-2345\jars\wagon-http-3.5.3.jar
2025-03-25 22:52:47,892 [Worker-4: Launching iot (1)] INFO  o.eclipse.m2e.core.internal.Bundles - 	Entry: C:\Program Files (x86)\STS4\sts-4.21.1.RELEASE\plugins\org.eclipse.m2e.maven.runtime_3.9.500.20231113-2345\jars\wagon-http-shared-3.5.3.jar
2025-03-25 22:52:47,892 [Worker-4: Launching iot (1)] INFO  o.eclipse.m2e.core.internal.Bundles - 	Entry: C:\Program Files (x86)\STS4\sts-4.21.1.RELEASE\plugins\org.eclipse.m2e.maven.runtime_3.9.500.20231113-2345\jars\wagon-provider-api-3.5.3.jar
2025-03-25 22:52:47,892 [Worker-4: Launching iot (1)] INFO  o.eclipse.m2e.core.internal.Bundles - getClasspathEntries(Bundle=com.google.guava_33.0.0.jre [25])
2025-03-25 22:52:47,893 [Worker-4: Launching iot (1)] INFO  o.eclipse.m2e.core.internal.Bundles - 	Entry: C:\Program Files (x86)\STS4\sts-4.21.1.RELEASE\plugins\com.google.guava_33.0.0.jre.jar
2025-03-25 22:52:47,893 [Worker-4: Launching iot (1)] INFO  o.eclipse.m2e.core.internal.Bundles - getClasspathEntries(Bundle=slf4j.api_2.0.9 [573])
2025-03-25 22:52:47,893 [Worker-4: Launching iot (1)] INFO  o.eclipse.m2e.core.internal.Bundles - 	Entry: C:\Program Files (x86)\STS4\sts-4.21.1.RELEASE\plugins\slf4j.api_2.0.9.jar
2025-03-25 22:52:47,893 [Worker-4: Launching iot (1)] INFO  o.eclipse.m2e.core.internal.Bundles - getClasspathEntries(Bundle=jakarta.inject.jakarta.inject-api_1.0.5 [41])
2025-03-25 22:52:47,893 [Worker-4: Launching iot (1)] INFO  o.eclipse.m2e.core.internal.Bundles - 	Entry: C:\Program Files (x86)\STS4\sts-4.21.1.RELEASE\plugins\jakarta.inject.jakarta.inject-api_1.0.5.jar
2025-03-25 22:52:47,893 [Worker-4: Launching iot (1)] INFO  o.eclipse.m2e.core.internal.Bundles - getClasspathEntries(Bundle=jakarta.annotation-api_1.3.5 [37])
2025-03-25 22:52:47,894 [Worker-4: Launching iot (1)] INFO  o.eclipse.m2e.core.internal.Bundles - 	Entry: C:\Program Files (x86)\STS4\sts-4.21.1.RELEASE\plugins\jakarta.annotation-api_1.3.5.jar
2025-03-25 22:52:47,894 [Worker-4: Launching iot (1)] INFO  o.eclipse.m2e.core.internal.Bundles - getClasspathEntries(Bundle=org.apache.commons.cli_1.6.0 [71])
2025-03-25 22:52:47,895 [Worker-4: Launching iot (1)] INFO  o.eclipse.m2e.core.internal.Bundles - 	Entry: C:\Program Files (x86)\STS4\sts-4.21.1.RELEASE\plugins\org.apache.commons.cli_1.6.0.jar
2025-03-25 22:52:47,895 [Worker-4: Launching iot (1)] INFO  o.eclipse.m2e.core.internal.Bundles - getClasspathEntries(Bundle=org.apache.commons.commons-codec_1.16.0 [73])
2025-03-25 22:52:47,895 [Worker-4: Launching iot (1)] INFO  o.eclipse.m2e.core.internal.Bundles - 	Entry: C:\Program Files (x86)\STS4\sts-4.21.1.RELEASE\plugins\org.apache.commons.commons-codec_1.16.0.jar
2025-03-25 22:52:47,896 [Worker-4: Launching iot (1)] INFO  o.eclipse.m2e.core.internal.Bundles - getClasspathEntries(Bundle=org.apache.commons.lang3_3.13.0 [77])
2025-03-25 22:52:47,896 [Worker-4: Launching iot (1)] INFO  o.eclipse.m2e.core.internal.Bundles - 	Entry: C:\Program Files (x86)\STS4\sts-4.21.1.RELEASE\plugins\org.apache.commons.lang3_3.13.0.jar
2025-03-25 22:52:47,896 [Worker-4: Launching iot (1)] INFO  o.eclipse.m2e.core.internal.Bundles - getClasspathEntries(Bundle=com.google.guava.failureaccess_1.0.2 [27])
2025-03-25 22:52:47,897 [Worker-4: Launching iot (1)] INFO  o.eclipse.m2e.core.internal.Bundles - 	Entry: C:\Program Files (x86)\STS4\sts-4.21.1.RELEASE\plugins\com.google.guava.failureaccess_1.0.2.jar
2025-03-25 22:52:47,899 [Worker-4: Launching iot (1)] INFO  o.e.m.i.launch.MavenLaunchDelegate - Run build in "C:\Users\antod\Workspaces\iot-device\iot":
2025-03-25 22:52:47,900 [Worker-4: Launching iot (1)] INFO  o.e.m.i.launch.MavenLaunchDelegate -  mvn  -B -Dstyle.color=always clean package -DskipTests
2025-03-25 23:00:49,876 [Worker-4: Building] INFO  o.a.m.s.f.DefaultMavenResourcesFiltering - Copying 1 resource from src\main\resources to target\classes
2025-03-25 23:00:49,919 [Worker-4: Building] INFO  o.a.m.s.f.DefaultMavenResourcesFiltering - Copying 0 resource from src\main\resources to target\classes
2025-03-25 23:00:49,923 [Worker-4: Building] INFO  o.a.m.s.f.DefaultMavenResourcesFiltering - skip non existing resourceDirectory C:\Users\antod\Workspaces\iot-device\iot\src\test\resources
2025-03-25 23:00:58,809 [Worker-18: Launching iot (1)] INFO  o.eclipse.m2e.core.internal.Bundles - getClasspathEntries(Bundle=org.eclipse.m2e.maven.runtime_3.9.500.20231113-2345 [346])
2025-03-25 23:00:58,810 [Worker-18: Launching iot (1)] INFO  o.eclipse.m2e.core.internal.Bundles - 	Entry: C:\Program Files (x86)\STS4\sts-4.21.1.RELEASE\plugins\org.eclipse.m2e.maven.runtime_3.9.500.20231113-2345
2025-03-25 23:00:58,810 [Worker-18: Launching iot (1)] INFO  o.eclipse.m2e.core.internal.Bundles - 	Entry: C:\Program Files (x86)\STS4\sts-4.21.1.RELEASE\plugins\org.eclipse.m2e.maven.runtime_3.9.500.20231113-2345\jars\aopalliance-1.0.jar
2025-03-25 23:00:58,810 [Worker-18: Launching iot (1)] INFO  o.eclipse.m2e.core.internal.Bundles - 	Entry: C:\Program Files (x86)\STS4\sts-4.21.1.RELEASE\plugins\org.eclipse.m2e.maven.runtime_3.9.500.20231113-2345\jars\guice-5.1.0.jar
2025-03-25 23:00:58,811 [Worker-18: Launching iot (1)] INFO  o.eclipse.m2e.core.internal.Bundles - 	Entry: C:\Program Files (x86)\STS4\sts-4.21.1.RELEASE\plugins\org.eclipse.m2e.maven.runtime_3.9.500.20231113-2345\jars\httpclient-4.5.14.jar
2025-03-25 23:00:58,811 [Worker-18: Launching iot (1)] INFO  o.eclipse.m2e.core.internal.Bundles - 	Entry: C:\Program Files (x86)\STS4\sts-4.21.1.RELEASE\plugins\org.eclipse.m2e.maven.runtime_3.9.500.20231113-2345\jars\httpcore-4.4.16.jar
2025-03-25 23:00:58,811 [Worker-18: Launching iot (1)] INFO  o.eclipse.m2e.core.internal.Bundles - 	Entry: C:\Program Files (x86)\STS4\sts-4.21.1.RELEASE\plugins\org.eclipse.m2e.maven.runtime_3.9.500.20231113-2345\jars\jansi-2.4.0.jar
2025-03-25 23:00:58,811 [Worker-18: Launching iot (1)] INFO  o.eclipse.m2e.core.internal.Bundles - 	Entry: C:\Program Files (x86)\STS4\sts-4.21.1.RELEASE\plugins\org.eclipse.m2e.maven.runtime_3.9.500.20231113-2345\jars\jcl-over-slf4j-1.7.36.jar
2025-03-25 23:00:58,811 [Worker-18: Launching iot (1)] INFO  o.eclipse.m2e.core.internal.Bundles - 	Entry: C:\Program Files (x86)\STS4\sts-4.21.1.RELEASE\plugins\org.eclipse.m2e.maven.runtime_3.9.500.20231113-2345\jars\maven-artifact-3.9.5.jar
2025-03-25 23:00:58,812 [Worker-18: Launching iot (1)] INFO  o.eclipse.m2e.core.internal.Bundles - 	Entry: C:\Program Files (x86)\STS4\sts-4.21.1.RELEASE\plugins\org.eclipse.m2e.maven.runtime_3.9.500.20231113-2345\jars\maven-builder-support-3.9.5.jar
2025-03-25 23:00:58,812 [Worker-18: Launching iot (1)] INFO  o.eclipse.m2e.core.internal.Bundles - 	Entry: C:\Program Files (x86)\STS4\sts-4.21.1.RELEASE\plugins\org.eclipse.m2e.maven.runtime_3.9.500.20231113-2345\jars\maven-compat-3.9.5.jar
2025-03-25 23:00:58,812 [Worker-18: Launching iot (1)] INFO  o.eclipse.m2e.core.internal.Bundles - 	Entry: C:\Program Files (x86)\STS4\sts-4.21.1.RELEASE\plugins\org.eclipse.m2e.maven.runtime_3.9.500.20231113-2345\jars\maven-core-3.9.5.jar
2025-03-25 23:00:58,813 [Worker-18: Launching iot (1)] INFO  o.eclipse.m2e.core.internal.Bundles - 	Entry: C:\Program Files (x86)\STS4\sts-4.21.1.RELEASE\plugins\org.eclipse.m2e.maven.runtime_3.9.500.20231113-2345\jars\maven-embedder-3.9.5.jar
2025-03-25 23:00:58,813 [Worker-18: Launching iot (1)] INFO  o.eclipse.m2e.core.internal.Bundles - 	Entry: C:\Program Files (x86)\STS4\sts-4.21.1.RELEASE\plugins\org.eclipse.m2e.maven.runtime_3.9.500.20231113-2345\jars\maven-model-3.9.5.jar
2025-03-25 23:00:58,813 [Worker-18: Launching iot (1)] INFO  o.eclipse.m2e.core.internal.Bundles - 	Entry: C:\Program Files (x86)\STS4\sts-4.21.1.RELEASE\plugins\org.eclipse.m2e.maven.runtime_3.9.500.20231113-2345\jars\maven-model-builder-3.9.5.jar
2025-03-25 23:00:58,814 [Worker-18: Launching iot (1)] INFO  o.eclipse.m2e.core.internal.Bundles - 	Entry: C:\Program Files (x86)\STS4\sts-4.21.1.RELEASE\plugins\org.eclipse.m2e.maven.runtime_3.9.500.20231113-2345\jars\maven-plugin-api-3.9.5.jar
2025-03-25 23:00:58,814 [Worker-18: Launching iot (1)] INFO  o.eclipse.m2e.core.internal.Bundles - 	Entry: C:\Program Files (x86)\STS4\sts-4.21.1.RELEASE\plugins\org.eclipse.m2e.maven.runtime_3.9.500.20231113-2345\jars\maven-repository-metadata-3.9.5.jar
2025-03-25 23:00:58,814 [Worker-18: Launching iot (1)] INFO  o.eclipse.m2e.core.internal.Bundles - 	Entry: C:\Program Files (x86)\STS4\sts-4.21.1.RELEASE\plugins\org.eclipse.m2e.maven.runtime_3.9.500.20231113-2345\jars\maven-resolver-api-1.9.16.jar
2025-03-25 23:00:58,814 [Worker-18: Launching iot (1)] INFO  o.eclipse.m2e.core.internal.Bundles - 	Entry: C:\Program Files (x86)\STS4\sts-4.21.1.RELEASE\plugins\org.eclipse.m2e.maven.runtime_3.9.500.20231113-2345\jars\maven-resolver-connector-basic-1.9.16.jar
2025-03-25 23:00:58,815 [Worker-18: Launching iot (1)] INFO  o.eclipse.m2e.core.internal.Bundles - 	Entry: C:\Program Files (x86)\STS4\sts-4.21.1.RELEASE\plugins\org.eclipse.m2e.maven.runtime_3.9.500.20231113-2345\jars\maven-resolver-impl-1.9.16.jar
2025-03-25 23:00:58,815 [Worker-18: Launching iot (1)] INFO  o.eclipse.m2e.core.internal.Bundles - 	Entry: C:\Program Files (x86)\STS4\sts-4.21.1.RELEASE\plugins\org.eclipse.m2e.maven.runtime_3.9.500.20231113-2345\jars\maven-resolver-named-locks-1.9.16.jar
2025-03-25 23:00:58,815 [Worker-18: Launching iot (1)] INFO  o.eclipse.m2e.core.internal.Bundles - 	Entry: C:\Program Files (x86)\STS4\sts-4.21.1.RELEASE\plugins\org.eclipse.m2e.maven.runtime_3.9.500.20231113-2345\jars\maven-resolver-provider-3.9.5.jar
2025-03-25 23:00:58,816 [Worker-18: Launching iot (1)] INFO  o.eclipse.m2e.core.internal.Bundles - 	Entry: C:\Program Files (x86)\STS4\sts-4.21.1.RELEASE\plugins\org.eclipse.m2e.maven.runtime_3.9.500.20231113-2345\jars\maven-resolver-spi-1.9.16.jar
2025-03-25 23:00:58,816 [Worker-18: Launching iot (1)] INFO  o.eclipse.m2e.core.internal.Bundles - 	Entry: C:\Program Files (x86)\STS4\sts-4.21.1.RELEASE\plugins\org.eclipse.m2e.maven.runtime_3.9.500.20231113-2345\jars\maven-resolver-transport-file-1.9.16.jar
2025-03-25 23:00:58,816 [Worker-18: Launching iot (1)] INFO  o.eclipse.m2e.core.internal.Bundles - 	Entry: C:\Program Files (x86)\STS4\sts-4.21.1.RELEASE\plugins\org.eclipse.m2e.maven.runtime_3.9.500.20231113-2345\jars\maven-resolver-transport-http-1.9.16.jar
2025-03-25 23:00:58,817 [Worker-18: Launching iot (1)] INFO  o.eclipse.m2e.core.internal.Bundles - 	Entry: C:\Program Files (x86)\STS4\sts-4.21.1.RELEASE\plugins\org.eclipse.m2e.maven.runtime_3.9.500.20231113-2345\jars\maven-resolver-transport-wagon-1.9.16.jar
2025-03-25 23:00:58,817 [Worker-18: Launching iot (1)] INFO  o.eclipse.m2e.core.internal.Bundles - 	Entry: C:\Program Files (x86)\STS4\sts-4.21.1.RELEASE\plugins\org.eclipse.m2e.maven.runtime_3.9.500.20231113-2345\jars\maven-resolver-util-1.9.16.jar
2025-03-25 23:00:58,817 [Worker-18: Launching iot (1)] INFO  o.eclipse.m2e.core.internal.Bundles - 	Entry: C:\Program Files (x86)\STS4\sts-4.21.1.RELEASE\plugins\org.eclipse.m2e.maven.runtime_3.9.500.20231113-2345\jars\maven-settings-3.9.5.jar
2025-03-25 23:00:58,817 [Worker-18: Launching iot (1)] INFO  o.eclipse.m2e.core.internal.Bundles - 	Entry: C:\Program Files (x86)\STS4\sts-4.21.1.RELEASE\plugins\org.eclipse.m2e.maven.runtime_3.9.500.20231113-2345\jars\maven-settings-builder-3.9.5.jar
2025-03-25 23:00:58,818 [Worker-18: Launching iot (1)] INFO  o.eclipse.m2e.core.internal.Bundles - 	Entry: C:\Program Files (x86)\STS4\sts-4.21.1.RELEASE\plugins\org.eclipse.m2e.maven.runtime_3.9.500.20231113-2345\jars\maven-shared-utils-3.3.4.jar
2025-03-25 23:00:58,818 [Worker-18: Launching iot (1)] INFO  o.eclipse.m2e.core.internal.Bundles - 	Entry: C:\Program Files (x86)\STS4\sts-4.21.1.RELEASE\plugins\org.eclipse.m2e.maven.runtime_3.9.500.20231113-2345\jars\org.eclipse.sisu.inject-0.3.5.jar
2025-03-25 23:00:58,818 [Worker-18: Launching iot (1)] INFO  o.eclipse.m2e.core.internal.Bundles - 	Entry: C:\Program Files (x86)\STS4\sts-4.21.1.RELEASE\plugins\org.eclipse.m2e.maven.runtime_3.9.500.20231113-2345\jars\org.eclipse.sisu.plexus-0.3.5.jar
2025-03-25 23:00:58,819 [Worker-18: Launching iot (1)] INFO  o.eclipse.m2e.core.internal.Bundles - 	Entry: C:\Program Files (x86)\STS4\sts-4.21.1.RELEASE\plugins\org.eclipse.m2e.maven.runtime_3.9.500.20231113-2345\jars\plexus-build-api-0.0.7.jar
2025-03-25 23:00:58,819 [Worker-18: Launching iot (1)] INFO  o.eclipse.m2e.core.internal.Bundles - 	Entry: C:\Program Files (x86)\STS4\sts-4.21.1.RELEASE\plugins\org.eclipse.m2e.maven.runtime_3.9.500.20231113-2345\jars\plexus-cipher-2.0.jar
2025-03-25 23:00:58,819 [Worker-18: Launching iot (1)] INFO  o.eclipse.m2e.core.internal.Bundles - 	Entry: C:\Program Files (x86)\STS4\sts-4.21.1.RELEASE\plugins\org.eclipse.m2e.maven.runtime_3.9.500.20231113-2345\jars\plexus-classworlds-2.7.0.jar
2025-03-25 23:00:58,820 [Worker-18: Launching iot (1)] INFO  o.eclipse.m2e.core.internal.Bundles - 	Entry: C:\Program Files (x86)\STS4\sts-4.21.1.RELEASE\plugins\org.eclipse.m2e.maven.runtime_3.9.500.20231113-2345\jars\plexus-component-annotations-2.1.0.jar
2025-03-25 23:00:58,820 [Worker-18: Launching iot (1)] INFO  o.eclipse.m2e.core.internal.Bundles - 	Entry: C:\Program Files (x86)\STS4\sts-4.21.1.RELEASE\plugins\org.eclipse.m2e.maven.runtime_3.9.500.20231113-2345\jars\plexus-interpolation-1.26.jar
2025-03-25 23:00:58,820 [Worker-18: Launching iot (1)] INFO  o.eclipse.m2e.core.internal.Bundles - 	Entry: C:\Program Files (x86)\STS4\sts-4.21.1.RELEASE\plugins\org.eclipse.m2e.maven.runtime_3.9.500.20231113-2345\jars\plexus-sec-dispatcher-2.0.jar
2025-03-25 23:00:58,820 [Worker-18: Launching iot (1)] INFO  o.eclipse.m2e.core.internal.Bundles - 	Entry: C:\Program Files (x86)\STS4\sts-4.21.1.RELEASE\plugins\org.eclipse.m2e.maven.runtime_3.9.500.20231113-2345\jars\plexus-utils-3.5.1.jar
2025-03-25 23:00:58,821 [Worker-18: Launching iot (1)] INFO  o.eclipse.m2e.core.internal.Bundles - 	Entry: C:\Program Files (x86)\STS4\sts-4.21.1.RELEASE\plugins\org.eclipse.m2e.maven.runtime_3.9.500.20231113-2345\jars\wagon-file-3.5.3.jar
2025-03-25 23:00:58,821 [Worker-18: Launching iot (1)] INFO  o.eclipse.m2e.core.internal.Bundles - 	Entry: C:\Program Files (x86)\STS4\sts-4.21.1.RELEASE\plugins\org.eclipse.m2e.maven.runtime_3.9.500.20231113-2345\jars\wagon-http-3.5.3.jar
2025-03-25 23:00:58,821 [Worker-18: Launching iot (1)] INFO  o.eclipse.m2e.core.internal.Bundles - 	Entry: C:\Program Files (x86)\STS4\sts-4.21.1.RELEASE\plugins\org.eclipse.m2e.maven.runtime_3.9.500.20231113-2345\jars\wagon-http-shared-3.5.3.jar
2025-03-25 23:00:58,821 [Worker-18: Launching iot (1)] INFO  o.eclipse.m2e.core.internal.Bundles - 	Entry: C:\Program Files (x86)\STS4\sts-4.21.1.RELEASE\plugins\org.eclipse.m2e.maven.runtime_3.9.500.20231113-2345\jars\wagon-provider-api-3.5.3.jar
2025-03-25 23:00:58,822 [Worker-18: Launching iot (1)] INFO  o.eclipse.m2e.core.internal.Bundles - getClasspathEntries(Bundle=com.google.guava_33.0.0.jre [25])
2025-03-25 23:00:58,822 [Worker-18: Launching iot (1)] INFO  o.eclipse.m2e.core.internal.Bundles - 	Entry: C:\Program Files (x86)\STS4\sts-4.21.1.RELEASE\plugins\com.google.guava_33.0.0.jre.jar
2025-03-25 23:00:58,823 [Worker-18: Launching iot (1)] INFO  o.eclipse.m2e.core.internal.Bundles - getClasspathEntries(Bundle=slf4j.api_2.0.9 [573])
2025-03-25 23:00:58,823 [Worker-18: Launching iot (1)] INFO  o.eclipse.m2e.core.internal.Bundles - 	Entry: C:\Program Files (x86)\STS4\sts-4.21.1.RELEASE\plugins\slf4j.api_2.0.9.jar
2025-03-25 23:00:58,823 [Worker-18: Launching iot (1)] INFO  o.eclipse.m2e.core.internal.Bundles - getClasspathEntries(Bundle=jakarta.inject.jakarta.inject-api_1.0.5 [41])
2025-03-25 23:00:58,824 [Worker-18: Launching iot (1)] INFO  o.eclipse.m2e.core.internal.Bundles - 	Entry: C:\Program Files (x86)\STS4\sts-4.21.1.RELEASE\plugins\jakarta.inject.jakarta.inject-api_1.0.5.jar
2025-03-25 23:00:58,824 [Worker-18: Launching iot (1)] INFO  o.eclipse.m2e.core.internal.Bundles - getClasspathEntries(Bundle=jakarta.annotation-api_1.3.5 [37])
2025-03-25 23:00:58,824 [Worker-18: Launching iot (1)] INFO  o.eclipse.m2e.core.internal.Bundles - 	Entry: C:\Program Files (x86)\STS4\sts-4.21.1.RELEASE\plugins\jakarta.annotation-api_1.3.5.jar
2025-03-25 23:00:58,824 [Worker-18: Launching iot (1)] INFO  o.eclipse.m2e.core.internal.Bundles - getClasspathEntries(Bundle=org.apache.commons.cli_1.6.0 [71])
2025-03-25 23:00:58,825 [Worker-18: Launching iot (1)] INFO  o.eclipse.m2e.core.internal.Bundles - 	Entry: C:\Program Files (x86)\STS4\sts-4.21.1.RELEASE\plugins\org.apache.commons.cli_1.6.0.jar
2025-03-25 23:00:58,825 [Worker-18: Launching iot (1)] INFO  o.eclipse.m2e.core.internal.Bundles - getClasspathEntries(Bundle=org.apache.commons.commons-codec_1.16.0 [73])
2025-03-25 23:00:58,825 [Worker-18: Launching iot (1)] INFO  o.eclipse.m2e.core.internal.Bundles - 	Entry: C:\Program Files (x86)\STS4\sts-4.21.1.RELEASE\plugins\org.apache.commons.commons-codec_1.16.0.jar
2025-03-25 23:00:58,825 [Worker-18: Launching iot (1)] INFO  o.eclipse.m2e.core.internal.Bundles - getClasspathEntries(Bundle=org.apache.commons.lang3_3.13.0 [77])
2025-03-25 23:00:58,826 [Worker-18: Launching iot (1)] INFO  o.eclipse.m2e.core.internal.Bundles - 	Entry: C:\Program Files (x86)\STS4\sts-4.21.1.RELEASE\plugins\org.apache.commons.lang3_3.13.0.jar
2025-03-25 23:00:58,826 [Worker-18: Launching iot (1)] INFO  o.eclipse.m2e.core.internal.Bundles - getClasspathEntries(Bundle=com.google.guava.failureaccess_1.0.2 [27])
2025-03-25 23:00:58,826 [Worker-18: Launching iot (1)] INFO  o.eclipse.m2e.core.internal.Bundles - 	Entry: C:\Program Files (x86)\STS4\sts-4.21.1.RELEASE\plugins\com.google.guava.failureaccess_1.0.2.jar
2025-03-25 23:00:58,828 [Worker-18: Launching iot (1)] INFO  o.e.m.i.launch.MavenLaunchDelegate - Run build in "C:\Users\antod\Workspaces\iot-device\iot":
2025-03-25 23:00:58,828 [Worker-18: Launching iot (1)] INFO  o.e.m.i.launch.MavenLaunchDelegate -  mvn  -B -Dstyle.color=always clean package -DskipTests
